[ 2013-12-10T18:56:35+08:00 ] 127.0.0.1 /
INFO: [ app_begin ] --START--
INFO: Run ReadHtmlCache Behavior [ RunTime:0.000899s ]
INFO: [ app_begin ] --END-- [ RunTime:0.001048s ]
NOTIC: [8] Undefined index: 1 E:\wamp\www\github\uploads\uploads\AI9ME\_Core\Lib\Core\Action.class.php 第 57 行.
NOTIC: [8] Undefined index: 1 E:\wamp\www\github\uploads\uploads\AI9ME\_Core\Lib\Core\View.class.php 第 70 行.
INFO: [ view_template ] --START--
INFO: Run LocationTemplate Behavior [ RunTime:-0.003620s ]
INFO: [ view_template ] --END-- [ RunTime:0.001225s ]
INFO: [ view_parse ] --START--
NOTIC: [8] Use of undefined constant uid - assumed 'uid' E:\wamp\www\github\uploads\uploads\AI9MEdata\logs\Cache\Home\4ee9e44c0b1d69ec34c7f11beb4c351f.php 第 29 行.
NOTIC: [8] Undefined index: uid E:\wamp\www\github\uploads\uploads\AI9MEdata\logs\Cache\Home\4ee9e44c0b1d69ec34c7f11beb4c351f.php 第 29 行.
INFO: Run ParseTemplate Behavior [ RunTime:-0.004976s ]
INFO: [ view_parse ] --END-- [ RunTime:0.024230s ]
INFO: [ view_filter ] --START--
INFO: Run ContentReplace Behavior [ RunTime:-0.029275s ]
INFO: Run TokenBuild Behavior [ RunTime:-0.030181s ]
INFO: Run WriteHtmlCache Behavior [ RunTime:-0.031020s ]
INFO: Run ShowRuntime Behavior [ RunTime:-0.031592s ]
INFO: [ view_filter ] --END-- [ RunTime:0.003280s ]
INFO: [ view_end ] --START--
INFO: Run ShowPageTrace Behavior [ RunTime:-0.032698s ]
INFO: [ view_end ] --END-- [ RunTime:0.000921s ]

[ 2013-12-10T18:56:36+08:00 ] 127.0.0.1 /index.php?m=Index&a=reg
INFO: [ app_begin ] --START--
INFO: Run ReadHtmlCache Behavior [ RunTime:0.000755s ]
INFO: [ app_begin ] --END-- [ RunTime:0.000918s ]
NOTIC: [8] Undefined index: 1 E:\wamp\www\github\uploads\uploads\AI9ME\_Core\Lib\Core\Action.class.php 第 57 行.
NOTIC: [8] Undefined index: 1 E:\wamp\www\github\uploads\uploads\AI9ME\_Core\Lib\Core\View.class.php 第 70 行.
INFO: [ view_template ] --START--
INFO: Run LocationTemplate Behavior [ RunTime:-0.003673s ]
INFO: [ view_template ] --END-- [ RunTime:0.001086s ]
INFO: [ view_parse ] --START--
NOTIC: [8] Use of undefined constant uid - assumed 'uid' E:\wamp\www\github\uploads\uploads\AI9MEdata\logs\Cache\Home\a8fb9284af83c661cc5048ce58491cb2.php 第 28 行.
NOTIC: [8] Undefined index: uid E:\wamp\www\github\uploads\uploads\AI9MEdata\logs\Cache\Home\a8fb9284af83c661cc5048ce58491cb2.php 第 28 行.
INFO: Run ParseTemplate Behavior [ RunTime:-0.004911s ]
INFO: [ view_parse ] --END-- [ RunTime:0.024199s ]
INFO: [ view_filter ] --START--
INFO: Run ContentReplace Behavior [ RunTime:-0.029183s ]
INFO: Run TokenBuild Behavior [ RunTime:-0.030073s ]
INFO: Run WriteHtmlCache Behavior [ RunTime:-0.030970s ]
INFO: Run ShowRuntime Behavior [ RunTime:-0.031621s ]
INFO: [ view_filter ] --END-- [ RunTime:0.003422s ]
INFO: [ view_end ] --START--
INFO: Run ShowPageTrace Behavior [ RunTime:-0.032756s ]
INFO: [ view_end ] --END-- [ RunTime:0.000933s ]

[ 2013-12-10T18:56:47+08:00 ] 127.0.0.1 /index.php?m=Users&a=checkreg
INFO: [ app_begin ] --START--
INFO: Run ReadHtmlCache Behavior [ RunTime:0.000959s ]
INFO: [ app_begin ] --END-- [ RunTime:0.001113s ]
NOTIC: [8] Undefined index: 1 E:\wamp\www\github\uploads\uploads\AI9ME\_Core\Lib\Core\Action.class.php 第 57 行.
SQL: SHOW COLUMNS FROM `ai9me_users` [ RunTime:0.004068s ]
SQL: SHOW COLUMNS FROM `ai9me_user_group` [ RunTime:0.003025s ]
SQL: SELECT * FROM `ai9me_user_group` WHERE ( `id` = 1 ) LIMIT 1   [ RunTime:0.000364s ]
SQL: SELECT * FROM `ai9me_users` WHERE ( `username` = 'test' ) LIMIT 1   [ RunTime:0.000251s ]
SQL: SELECT * FROM `ai9me_users` WHERE ( `email` = 'test123@sina.com' ) LIMIT 1   [ RunTime:0.000209s ]
NOTIC: [2] md5() expects at least 1 parameter, 0 given E:\wamp\www\github\uploads\uploads\AI9ME\_Core\Lib\Core\Model.class.php 第 917 行.
SQL: INSERT INTO `ai9me_users` (`username`,`password`,`email`,`createtime`,`createip`,`viptime`,`lasttime`,`lastip`,`status`,`gid`) VALUES ('test','098f6bcd4621d373cade4e832627b4f6','test123@sina.com',1386673007,'127.0.0.1',1389351407,1386673007,'127.0.0.1',1,4) [ RunTime:0.000371s ]
NOTIC: [8] Undefined index: 1 E:\wamp\www\github\uploads\uploads\AI9ME\_Core\Lib\Core\View.class.php 第 70 行.
INFO: [ view_template ] --START--
INFO: Run LocationTemplate Behavior [ RunTime:-0.026593s ]
INFO: [ view_template ] --END-- [ RunTime:0.000898s ]
INFO: [ view_parse ] --START--
INFO: Run ParseTemplate Behavior [ RunTime:-0.027606s ]
INFO: [ view_parse ] --END-- [ RunTime:0.171081s ]
INFO: [ view_filter ] --START--
INFO: Run ContentReplace Behavior [ RunTime:-0.199103s ]
INFO: Run TokenBuild Behavior [ RunTime:-0.201544s ]
INFO: Run WriteHtmlCache Behavior [ RunTime:-0.204609s ]
INFO: Run ShowRuntime Behavior [ RunTime:-0.206469s ]
INFO: [ view_filter ] --END-- [ RunTime:0.010646s ]
INFO: [ view_end ] --START--
INFO: Run ShowPageTrace Behavior [ RunTime:-0.210082s ]
INFO: [ view_end ] --END-- [ RunTime:0.002428s ]

[ 2013-12-10T18:56:48+08:00 ] 127.0.0.1 /index.php?g=User&m=Index&a=index
INFO: [ app_begin ] --START--
INFO: Run ReadHtmlCache Behavior [ RunTime:0.000829s ]
INFO: [ app_begin ] --END-- [ RunTime:0.000966s ]
NOTIC: [2048] Declaration of IndexAction::insert() should be compatible with that of BaseAction::insert() E:\wamp\www\github\uploads\uploads\AI9ME\Lib\Action\User\IndexAction.class.php 第 2 行.
NOTIC: [8] Undefined index: 1 E:\wamp\www\github\uploads\uploads\AI9ME\_Core\Lib\Core\Action.class.php 第 57 行.
SQL: SHOW COLUMNS FROM `ai9me_user_group` [ RunTime:0.003129s ]
SQL: SELECT * FROM `ai9me_user_group` WHERE ( `id` = 4 ) LIMIT 1   [ RunTime:0.000325s ]
SQL: SHOW COLUMNS FROM `ai9me_users` [ RunTime:0.003211s ]
SQL: SELECT * FROM `ai9me_users` WHERE ( `id` = 1 ) LIMIT 1   [ RunTime:0.000319s ]
SQL: SHOW COLUMNS FROM `ai9me_wxuser` [ RunTime:0.004546s ]
SQL: SELECT `wxname`,`wxid`,`headerpic` FROM `ai9me_wxuser` WHERE ( `token` = null ) AND ( `uid` = 1 ) LIMIT 1   [ RunTime:0.000306s ]
SQL: SHOW COLUMNS FROM `ai9me_user_group` [ RunTime:0.003271s ]
SQL: SELECT * FROM `ai9me_user_group`  [ RunTime:0.000292s ]
SQL: SELECT COUNT(*) AS tp_count FROM `ai9me_wxuser` WHERE ( `uid` = 1 ) LIMIT 1   [ RunTime:0.000222s ]
SQL: SELECT * FROM `ai9me_wxuser` WHERE ( `uid` = 1 ) LIMIT 0,25   [ RunTime:0.000324s ]
NOTIC: [8] Undefined index: 1 E:\wamp\www\github\uploads\uploads\AI9ME\_Core\Lib\Core\View.class.php 第 70 行.
INFO: [ view_template ] --START--
INFO: Run LocationTemplate Behavior [ RunTime:-0.037364s ]
INFO: [ view_template ] --END-- [ RunTime:0.001308s ]
INFO: [ view_parse ] --START--
INFO: Run ParseTemplate Behavior [ RunTime:-0.038790s ]
INFO: [ view_parse ] --END-- [ RunTime:0.031240s ]
INFO: [ view_filter ] --START--
INFO: Run ContentReplace Behavior [ RunTime:-0.070112s ]
INFO: Run TokenBuild Behavior [ RunTime:-0.070943s ]
INFO: Run WriteHtmlCache Behavior [ RunTime:-0.071717s ]
INFO: Run ShowRuntime Behavior [ RunTime:-0.072273s ]
INFO: [ view_filter ] --END-- [ RunTime:0.003227s ]
INFO: [ view_end ] --START--
INFO: Run ShowPageTrace Behavior [ RunTime:-0.073722s ]
INFO: [ view_end ] --END-- [ RunTime:0.001265s ]

[ 2013-12-10T18:56:50+08:00 ] 127.0.0.1 /index.php?g=User&m=Index&a=add
INFO: [ app_begin ] --START--
INFO: Run ReadHtmlCache Behavior [ RunTime:0.000740s ]
INFO: [ app_begin ] --END-- [ RunTime:0.000897s ]
NOTIC: [2048] Declaration of IndexAction::insert() should be compatible with that of BaseAction::insert() E:\wamp\www\github\uploads\uploads\AI9ME\Lib\Action\User\IndexAction.class.php 第 2 行.
NOTIC: [8] Undefined index: 1 E:\wamp\www\github\uploads\uploads\AI9ME\_Core\Lib\Core\Action.class.php 第 57 行.
SQL: SHOW COLUMNS FROM `ai9me_user_group` [ RunTime:0.003492s ]
SQL: SELECT * FROM `ai9me_user_group` WHERE ( `id` = 4 ) LIMIT 1   [ RunTime:0.000288s ]
SQL: SHOW COLUMNS FROM `ai9me_users` [ RunTime:0.003042s ]
SQL: SELECT * FROM `ai9me_users` WHERE ( `id` = 1 ) LIMIT 1   [ RunTime:0.000318s ]
SQL: SHOW COLUMNS FROM `ai9me_wxuser` [ RunTime:0.004166s ]
SQL: SELECT `wxname`,`wxid`,`headerpic` FROM `ai9me_wxuser` WHERE ( `token` = null ) AND ( `uid` = 1 ) LIMIT 1   [ RunTime:0.000303s ]
NOTIC: [8] Undefined index: 1 E:\wamp\www\github\uploads\uploads\AI9ME\_Core\Lib\Core\View.class.php 第 70 行.
INFO: [ view_template ] --START--
INFO: Run LocationTemplate Behavior [ RunTime:-0.028899s ]
INFO: [ view_template ] --END-- [ RunTime:0.001449s ]
INFO: [ view_parse ] --START--
NOTIC: [8] Undefined variable: province E:\wamp\www\github\uploads\uploads\AI9MEdata\logs\Cache\User\7db099cc8e2a4e26c8a56c899b28f7ee.php 第 133 行.
NOTIC: [8] Undefined variable: city E:\wamp\www\github\uploads\uploads\AI9MEdata\logs\Cache\User\7db099cc8e2a4e26c8a56c899b28f7ee.php 第 133 行.
INFO: Run ParseTemplate Behavior [ RunTime:-0.030451s ]
INFO: [ view_parse ] --END-- [ RunTime:0.025782s ]
INFO: [ view_filter ] --START--
INFO: Run ContentReplace Behavior [ RunTime:-0.056325s ]
INFO: Run TokenBuild Behavior [ RunTime:-0.057228s ]
INFO: Run WriteHtmlCache Behavior [ RunTime:-0.058119s ]
INFO: Run ShowRuntime Behavior [ RunTime:-0.058774s ]
INFO: [ view_filter ] --END-- [ RunTime:0.003682s ]
INFO: [ view_end ] --START--
INFO: Run ShowPageTrace Behavior [ RunTime:-0.060168s ]
INFO: [ view_end ] --END-- [ RunTime:0.001041s ]

[ 2013-12-10T18:56:59+08:00 ] 127.0.0.1 /index.php?g=User&m=Index&a=insert
INFO: [ app_begin ] --START--
INFO: Run ReadHtmlCache Behavior [ RunTime:0.000678s ]
INFO: [ app_begin ] --END-- [ RunTime:0.000825s ]
NOTIC: [2048] Declaration of IndexAction::insert() should be compatible with that of BaseAction::insert() E:\wamp\www\github\uploads\uploads\AI9ME\Lib\Action\User\IndexAction.class.php 第 2 行.
NOTIC: [8] Undefined index: 1 E:\wamp\www\github\uploads\uploads\AI9ME\_Core\Lib\Core\Action.class.php 第 57 行.
SQL: SHOW COLUMNS FROM `ai9me_user_group` [ RunTime:0.003919s ]
SQL: SELECT * FROM `ai9me_user_group` WHERE ( `id` = 4 ) LIMIT 1   [ RunTime:0.000357s ]
SQL: SHOW COLUMNS FROM `ai9me_users` [ RunTime:0.003679s ]
SQL: SELECT * FROM `ai9me_users` WHERE ( `id` = 1 ) LIMIT 1   [ RunTime:0.000380s ]
SQL: SHOW COLUMNS FROM `ai9me_wxuser` [ RunTime:0.003733s ]
SQL: SELECT `wxname`,`wxid`,`headerpic` FROM `ai9me_wxuser` WHERE ( `token` = null ) AND ( `uid` = 1 ) LIMIT 1   [ RunTime:0.000268s ]
SQL: SELECT `wechat_card_num` FROM `ai9me_user_group` WHERE ( `id` = 4 ) LIMIT 1   [ RunTime:0.000259s ]
SQL: SELECT `wechat_card_num` FROM `ai9me_users` WHERE ( `id` = 1 ) LIMIT 1   [ RunTime:0.000264s ]
SQL: SHOW COLUMNS FROM `ai9me_wxuser` [ RunTime:0.003841s ]
SQL: SELECT * FROM `ai9me_wxuser` WHERE ( `token` = 'lpkymz1386673010' ) LIMIT 1   [ RunTime:0.000517s ]
NOTIC: [8] Undefined offset: 3 E:\wamp\www\github\uploads\uploads\AI9ME\_Core\Lib\Core\Model.class.php 第 909 行.
NOTIC: [8] Undefined offset: 3 E:\wamp\www\github\uploads\uploads\AI9ME\_Core\Lib\Core\Model.class.php 第 909 行.
NOTIC: [8] Undefined offset: 3 E:\wamp\www\github\uploads\uploads\AI9ME\_Core\Lib\Core\Model.class.php 第 909 行.
NOTIC: [8] Undefined offset: 3 E:\wamp\www\github\uploads\uploads\AI9ME\_Core\Lib\Core\Model.class.php 第 909 行.
NOTIC: [8] Undefined offset: 3 E:\wamp\www\github\uploads\uploads\AI9ME\_Core\Lib\Core\Model.class.php 第 909 行.
NOTIC: [8] Undefined offset: 3 E:\wamp\www\github\uploads\uploads\AI9ME\_Core\Lib\Core\Model.class.php 第 909 行.
SQL: INSERT INTO `ai9me_wxuser` (`wxname`,`wxid`,`weixin`,`headerpic`,`token`,`province`,`city`,`qq`,`wxfans`,`uid`,`tpltypeid`,`tpllistid`,`tplcontentid`,`tpltypename`,`tpllistname`,`tplcontentname`,`createtime`,`updatetime`,`typeid`,`typename`) VALUES ('test','test','test','./themes/User/default/common/images/portrait.jpg','lpkymz1386673010','fj','zn','test@ai9.me',0,1,'1','1','1','ty_index','yl_list','ktv_content',1386673019,1386673019,1,'情感') [ RunTime:0.000492s ]
SQL: UPDATE `ai9me_users` SET `wechat_card_num`=wechat_card_num+1 WHERE ( `id` = 1 ) [ RunTime:0.091245s ]
SQL: SHOW COLUMNS FROM `ai9me_token_open` [ RunTime:0.010506s ]
SQL: SHOW COLUMNS FROM `ai9me_function` [ RunTime:0.008126s ]
SQL: SELECT `funname`,`gid`,`isserve` FROM `ai9me_function` WHERE `gid` <= 4  [ RunTime:0.001285s ]
NOTIC: [8] Undefined variable: queryname E:\wamp\www\github\uploads\uploads\AI9ME\Lib\Action\User\IndexAction.class.php 第 136 行.
SQL: INSERT INTO `ai9me_token_open` (`uid`,`token`,`queryname`) VALUES (1,'lpkymz1386673010','tianqi,qiushi,jishuan,langdu,jiankang,kuaidi,xiaohua,changtoushi,peiliao,liaotian,mengjian,yuyinfanyi,huoche,gongjiao,shenfenzheng,shouji,yinle,fujin,choujiang,taobao,userinfo,fanyi,api,suanming,baike,caipiao,choujiang,gua2,shouye,adma,huiyuanka,shenhe,geci,yuming,host_kev,diyform,dx,shop,etuan,diymen_set') [ RunTime:0.001460s ]
NOTIC: [8] Undefined index: 1 E:\wamp\www\github\uploads\uploads\AI9ME\_Core\Lib\Core\View.class.php 第 70 行.
INFO: [ view_template ] --START--
INFO: Run LocationTemplate Behavior [ RunTime:-0.159677s ]
INFO: [ view_template ] --END-- [ RunTime:0.002614s ]
INFO: [ view_parse ] --START--
INFO: Run ParseTemplate Behavior [ RunTime:-0.162642s ]
INFO: [ view_parse ] --END-- [ RunTime:0.014375s ]
INFO: [ view_filter ] --START--
INFO: Run ContentReplace Behavior [ RunTime:-0.176992s ]
INFO: Run TokenBuild Behavior [ RunTime:-0.177869s ]
INFO: Run WriteHtmlCache Behavior [ RunTime:-0.178765s ]
INFO: Run ShowRuntime Behavior [ RunTime:-0.179442s ]
INFO: [ view_filter ] --END-- [ RunTime:0.003497s ]
INFO: [ view_end ] --START--
INFO: Run ShowPageTrace Behavior [ RunTime:-0.180851s ]
INFO: [ view_end ] --END-- [ RunTime:0.001335s ]

[ 2013-12-10T18:57:01+08:00 ] 127.0.0.1 /index.php?g=User&m=Index&a=index
INFO: [ app_begin ] --START--
INFO: Run ReadHtmlCache Behavior [ RunTime:0.001063s ]
INFO: [ app_begin ] --END-- [ RunTime:0.001295s ]
NOTIC: [2048] Declaration of IndexAction::insert() should be compatible with that of BaseAction::insert() E:\wamp\www\github\uploads\uploads\AI9ME\Lib\Action\User\IndexAction.class.php 第 2 行.
NOTIC: [8] Undefined index: 1 E:\wamp\www\github\uploads\uploads\AI9ME\_Core\Lib\Core\Action.class.php 第 57 行.
SQL: SHOW COLUMNS FROM `ai9me_user_group` [ RunTime:0.003022s ]
SQL: SELECT * FROM `ai9me_user_group` WHERE ( `id` = 4 ) LIMIT 1   [ RunTime:0.000439s ]
SQL: SHOW COLUMNS FROM `ai9me_users` [ RunTime:0.003547s ]
SQL: SELECT * FROM `ai9me_users` WHERE ( `id` = 1 ) LIMIT 1   [ RunTime:0.000332s ]
SQL: SHOW COLUMNS FROM `ai9me_wxuser` [ RunTime:0.003762s ]
SQL: SELECT `wxname`,`wxid`,`headerpic` FROM `ai9me_wxuser` WHERE ( `token` = null ) AND ( `uid` = 1 ) LIMIT 1   [ RunTime:0.000289s ]
SQL: SHOW COLUMNS FROM `ai9me_user_group` [ RunTime:0.003135s ]
SQL: SELECT * FROM `ai9me_user_group`  [ RunTime:0.000311s ]
SQL: SELECT COUNT(*) AS tp_count FROM `ai9me_wxuser` WHERE ( `uid` = 1 ) LIMIT 1   [ RunTime:0.000241s ]
SQL: SELECT * FROM `ai9me_wxuser` WHERE ( `uid` = 1 ) LIMIT 0,25   [ RunTime:0.000465s ]
NOTIC: [8] Undefined index: 1 E:\wamp\www\github\uploads\uploads\AI9ME\_Core\Lib\Core\View.class.php 第 70 行.
INFO: [ view_template ] --START--
INFO: Run LocationTemplate Behavior [ RunTime:-0.040846s ]
INFO: [ view_template ] --END-- [ RunTime:0.001381s ]
INFO: [ view_parse ] --START--
INFO: Run ParseTemplate Behavior [ RunTime:-0.042349s ]
INFO: [ view_parse ] --END-- [ RunTime:0.031234s ]
INFO: [ view_filter ] --START--
INFO: Run ContentReplace Behavior [ RunTime:-0.073662s ]
INFO: Run TokenBuild Behavior [ RunTime:-0.074564s ]
INFO: Run WriteHtmlCache Behavior [ RunTime:-0.075331s ]
INFO: Run ShowRuntime Behavior [ RunTime:-0.075875s ]
INFO: [ view_filter ] --END-- [ RunTime:0.003284s ]
INFO: [ view_end ] --START--
INFO: Run ShowPageTrace Behavior [ RunTime:-0.077090s ]
INFO: [ view_end ] --END-- [ RunTime:0.000904s ]

[ 2013-12-10T18:57:02+08:00 ] 127.0.0.1 /index.php?g=User&m=Function&a=index&id=1&token=lpkymz1386673010
INFO: [ app_begin ] --START--
INFO: Run ReadHtmlCache Behavior [ RunTime:0.000708s ]
INFO: [ app_begin ] --END-- [ RunTime:0.000858s ]
NOTIC: [8] Undefined index: 1 E:\wamp\www\github\uploads\uploads\AI9ME\_Core\Lib\Core\Action.class.php 第 57 行.
SQL: SHOW COLUMNS FROM `ai9me_user_group` [ RunTime:0.003410s ]
SQL: SELECT * FROM `ai9me_user_group` WHERE ( `id` = 4 ) LIMIT 1   [ RunTime:0.000373s ]
SQL: SHOW COLUMNS FROM `ai9me_users` [ RunTime:0.003425s ]
SQL: SELECT * FROM `ai9me_users` WHERE ( `id` = 1 ) LIMIT 1   [ RunTime:0.000353s ]
SQL: SHOW COLUMNS FROM `ai9me_wxuser` [ RunTime:0.003742s ]
SQL: SELECT `wxname`,`wxid`,`headerpic` FROM `ai9me_wxuser` WHERE ( `token` = null ) AND ( `uid` = 1 ) LIMIT 1   [ RunTime:0.000274s ]
SQL: SELECT * FROM `ai9me_wxuser` WHERE ( `id` = 1 ) LIMIT 1   [ RunTime:0.000380s ]
SQL: SHOW COLUMNS FROM `ai9me_token_open` [ RunTime:0.003006s ]
SQL: SELECT `id`,`queryname` FROM `ai9me_token_open` WHERE ( `token` = 'lpkymz1386673010' ) AND ( `uid` = 1 ) LIMIT 1   [ RunTime:0.000270s ]
SQL: SELECT `id`,`name` FROM `ai9me_user_group` WHERE status=1  [ RunTime:0.000196s ]
SQL: SHOW COLUMNS FROM `ai9me_function` [ RunTime:0.003236s ]
SQL: SELECT * FROM `ai9me_function` WHERE ( `status` = 1 ) AND ( `gid` = 1 )  [ RunTime:0.000411s ]
SQL: SELECT * FROM `ai9me_function` WHERE ( `status` = 1 ) AND ( `gid` = 2 )  [ RunTime:0.000296s ]
SQL: SELECT * FROM `ai9me_function` WHERE ( `status` = 1 ) AND ( `gid` = 3 )  [ RunTime:0.000236s ]
SQL: SELECT * FROM `ai9me_function` WHERE ( `status` = 1 ) AND ( `gid` = 4 )  [ RunTime:0.000288s ]
SQL: SELECT `wxname`,`wxid`,`headerpic`,`weixin` FROM `ai9me_wxuser` WHERE ( `token` = 'lpkymz1386673010' ) AND ( `uid` = 1 ) LIMIT 1   [ RunTime:0.000260s ]
NOTIC: [8] Undefined index: 1 E:\wamp\www\github\uploads\uploads\AI9ME\_Core\Lib\Core\View.class.php 第 70 行.
INFO: [ view_template ] --START--
INFO: Run LocationTemplate Behavior [ RunTime:-0.051051s ]
INFO: [ view_template ] --END-- [ RunTime:0.001349s ]
INFO: [ view_parse ] --START--
NOTIC: [8] Undefined index: viptime E:\wamp\www\github\uploads\uploads\AI9MEdata\logs\Cache\User\187747f8e1f4bcfbc146328978b3a646.php 第 90 行.
INFO: Run ParseTemplate Behavior [ RunTime:-0.052507s ]
INFO: [ view_parse ] --END-- [ RunTime:0.058117s ]
INFO: [ view_filter ] --START--
INFO: Run ContentReplace Behavior [ RunTime:-0.110720s ]
INFO: Run TokenBuild Behavior [ RunTime:-0.111830s ]
INFO: Run WriteHtmlCache Behavior [ RunTime:-0.112686s ]
INFO: Run ShowRuntime Behavior [ RunTime:-0.113236s ]
INFO: [ view_filter ] --END-- [ RunTime:0.003433s ]
INFO: [ view_end ] --START--
INFO: Run ShowPageTrace Behavior [ RunTime:-0.114301s ]
INFO: [ view_end ] --END-- [ RunTime:0.000916s ]

[ 2013-12-10T18:57:05+08:00 ] 127.0.0.1 /index.php?g=User&m=Classify&a=index&token=lpkymz1386673010
INFO: [ app_begin ] --START--
INFO: Run ReadHtmlCache Behavior [ RunTime:0.000806s ]
INFO: [ app_begin ] --END-- [ RunTime:0.000977s ]
NOTIC: [2048] Declaration of ClassifyAction::insert() should be compatible with that of BaseAction::insert() E:\wamp\www\github\uploads\uploads\AI9ME\Lib\Action\User\ClassifyAction.class.php 第 5 行.
NOTIC: [8] Undefined index: 1 E:\wamp\www\github\uploads\uploads\AI9ME\_Core\Lib\Core\Action.class.php 第 57 行.
SQL: SHOW COLUMNS FROM `ai9me_user_group` [ RunTime:0.004236s ]
SQL: SELECT * FROM `ai9me_user_group` WHERE ( `id` = 4 ) LIMIT 1   [ RunTime:0.000353s ]
SQL: SHOW COLUMNS FROM `ai9me_users` [ RunTime:0.003280s ]
SQL: SELECT * FROM `ai9me_users` WHERE ( `id` = 1 ) LIMIT 1   [ RunTime:0.000398s ]
SQL: SHOW COLUMNS FROM `ai9me_wxuser` [ RunTime:0.003849s ]
SQL: SELECT `wxname`,`wxid`,`headerpic` FROM `ai9me_wxuser` WHERE ( `token` = 'lpkymz1386673010' ) AND ( `uid` = 1 ) LIMIT 1   [ RunTime:0.000303s ]
SQL: SHOW COLUMNS FROM `ai9me_classify` [ RunTime:0.004191s ]
SQL: SELECT COUNT(*) AS tp_count FROM `ai9me_classify` WHERE ( `token` = 'lpkymz1386673010' ) LIMIT 1   [ RunTime:0.000263s ]
SQL: SELECT * FROM `ai9me_classify` WHERE ( `token` = 'lpkymz1386673010' ) ORDER BY sorts desc LIMIT 0,25   [ RunTime:0.000243s ]
NOTIC: [8] Undefined index: 1 E:\wamp\www\github\uploads\uploads\AI9ME\_Core\Lib\Core\View.class.php 第 70 行.
INFO: [ view_template ] --START--
INFO: Run LocationTemplate Behavior [ RunTime:-0.039998s ]
INFO: [ view_template ] --END-- [ RunTime:0.001270s ]
INFO: [ view_parse ] --START--
NOTIC: [8] Undefined index: weixin E:\wamp\www\github\uploads\uploads\AI9MEdata\logs\Cache\User\b779c9d5ca3a972c9e0f14564ebc5d7c.php 第 85 行.
NOTIC: [8] Undefined index: viptime E:\wamp\www\github\uploads\uploads\AI9MEdata\logs\Cache\User\b779c9d5ca3a972c9e0f14564ebc5d7c.php 第 90 行.
INFO: Run ParseTemplate Behavior [ RunTime:-0.041377s ]
INFO: [ view_parse ] --END-- [ RunTime:0.055699s ]
INFO: [ view_filter ] --START--
INFO: Run ContentReplace Behavior [ RunTime:-0.097170s ]
INFO: Run TokenBuild Behavior [ RunTime:-0.098148s ]
INFO: Run WriteHtmlCache Behavior [ RunTime:-0.098945s ]
INFO: Run ShowRuntime Behavior [ RunTime:-0.099492s ]
INFO: [ view_filter ] --END-- [ RunTime:0.003206s ]
INFO: [ view_end ] --START--
INFO: Run ShowPageTrace Behavior [ RunTime:-0.100519s ]
INFO: [ view_end ] --END-- [ RunTime:0.000896s ]

[ 2013-12-10T18:57:06+08:00 ] 127.0.0.1 /index.php?g=User&m=Classify&a=add
INFO: [ app_begin ] --START--
INFO: Run ReadHtmlCache Behavior [ RunTime:0.000804s ]
INFO: [ app_begin ] --END-- [ RunTime:0.001241s ]
NOTIC: [2048] Declaration of ClassifyAction::insert() should be compatible with that of BaseAction::insert() E:\wamp\www\github\uploads\uploads\AI9ME\Lib\Action\User\ClassifyAction.class.php 第 5 行.
NOTIC: [8] Undefined index: 1 E:\wamp\www\github\uploads\uploads\AI9ME\_Core\Lib\Core\Action.class.php 第 57 行.
SQL: SHOW COLUMNS FROM `ai9me_user_group` [ RunTime:0.004445s ]
SQL: SELECT * FROM `ai9me_user_group` WHERE ( `id` = 4 ) LIMIT 1   [ RunTime:0.000421s ]
SQL: SHOW COLUMNS FROM `ai9me_users` [ RunTime:0.003456s ]
SQL: SELECT * FROM `ai9me_users` WHERE ( `id` = 1 ) LIMIT 1   [ RunTime:0.000445s ]
SQL: SHOW COLUMNS FROM `ai9me_wxuser` [ RunTime:0.004185s ]
SQL: SELECT `wxname`,`wxid`,`headerpic` FROM `ai9me_wxuser` WHERE ( `token` = 'lpkymz1386673010' ) AND ( `uid` = 1 ) LIMIT 1   [ RunTime:0.000322s ]
NOTIC: [8] Undefined index: 1 E:\wamp\www\github\uploads\uploads\AI9ME\_Core\Lib\Core\View.class.php 第 70 行.
INFO: [ view_template ] --START--
INFO: Run LocationTemplate Behavior [ RunTime:-0.036923s ]
INFO: [ view_template ] --END-- [ RunTime:0.001397s ]
INFO: [ view_parse ] --START--
NOTIC: [8] Undefined index: weixin E:\wamp\www\github\uploads\uploads\AI9MEdata\logs\Cache\User\08472fa49babbfdaf9a7dfd7d317bc35.php 第 85 行.
NOTIC: [8] Undefined index: viptime E:\wamp\www\github\uploads\uploads\AI9MEdata\logs\Cache\User\08472fa49babbfdaf9a7dfd7d317bc35.php 第 90 行.
NOTIC: [8] Use of undefined constant img - assumed 'img' E:\wamp\www\github\uploads\uploads\AI9MEdata\logs\Cache\User\08472fa49babbfdaf9a7dfd7d317bc35.php 第 267 行.
INFO: Run ParseTemplate Behavior [ RunTime:-0.038434s ]
INFO: [ view_parse ] --END-- [ RunTime:0.060083s ]
INFO: [ view_filter ] --START--
INFO: Run ContentReplace Behavior [ RunTime:-0.098599s ]
INFO: Run TokenBuild Behavior [ RunTime:-0.099686s ]
INFO: Run WriteHtmlCache Behavior [ RunTime:-0.100762s ]
INFO: Run ShowRuntime Behavior [ RunTime:-0.101554s ]
INFO: [ view_filter ] --END-- [ RunTime:0.003939s ]
INFO: [ view_end ] --START--
INFO: Run ShowPageTrace Behavior [ RunTime:-0.102686s ]
INFO: [ view_end ] --END-- [ RunTime:0.000938s ]

[ 2013-12-10T18:58:09+08:00 ] 127.0.0.1 /index.php?g=User&m=Classify&a=insert
INFO: [ app_begin ] --START--
INFO: Run ReadHtmlCache Behavior [ RunTime:0.000759s ]
INFO: [ app_begin ] --END-- [ RunTime:0.000898s ]
NOTIC: [2048] Declaration of ClassifyAction::insert() should be compatible with that of BaseAction::insert() E:\wamp\www\github\uploads\uploads\AI9ME\Lib\Action\User\ClassifyAction.class.php 第 5 行.
NOTIC: [8] Undefined index: 1 E:\wamp\www\github\uploads\uploads\AI9ME\_Core\Lib\Core\Action.class.php 第 57 行.
SQL: SHOW COLUMNS FROM `ai9me_user_group` [ RunTime:0.003360s ]
SQL: SELECT * FROM `ai9me_user_group` WHERE ( `id` = 4 ) LIMIT 1   [ RunTime:0.000344s ]
SQL: SHOW COLUMNS FROM `ai9me_users` [ RunTime:0.003399s ]
SQL: SELECT * FROM `ai9me_users` WHERE ( `id` = 1 ) LIMIT 1   [ RunTime:0.000282s ]
SQL: SHOW COLUMNS FROM `ai9me_wxuser` [ RunTime:0.003669s ]
SQL: SELECT `wxname`,`wxid`,`headerpic` FROM `ai9me_wxuser` WHERE ( `token` = 'lpkymz1386673010' ) AND ( `uid` = 1 ) LIMIT 1   [ RunTime:0.000286s ]
SQL: SHOW COLUMNS FROM `ai9me_classify` [ RunTime:0.002996s ]
SQL: INSERT INTO `ai9me_classify` (`name`,`info`,`img`,`url`,`sorts`,`status`,`token`) VALUES ('home','first page','http://bcs.duapp.com/weixindandan11/2013-10-29_203519.jpg','','1','1','lpkymz1386673010') [ RunTime:0.000382s ]
NOTIC: [8] Undefined index: 1 E:\wamp\www\github\uploads\uploads\AI9ME\_Core\Lib\Core\View.class.php 第 70 行.
INFO: [ view_template ] --START--
INFO: Run LocationTemplate Behavior [ RunTime:-0.041453s ]
INFO: [ view_template ] --END-- [ RunTime:0.000759s ]
INFO: [ view_parse ] --START--
INFO: Run ParseTemplate Behavior [ RunTime:-0.042325s ]
INFO: [ view_parse ] --END-- [ RunTime:0.010052s ]
INFO: [ view_filter ] --START--
INFO: Run ContentReplace Behavior [ RunTime:-0.052472s ]
INFO: Run TokenBuild Behavior [ RunTime:-0.053342s ]
INFO: Run WriteHtmlCache Behavior [ RunTime:-0.054125s ]
INFO: Run ShowRuntime Behavior [ RunTime:-0.054688s ]
INFO: [ view_filter ] --END-- [ RunTime:0.003096s ]
INFO: [ view_end ] --START--
INFO: Run ShowPageTrace Behavior [ RunTime:-0.055709s ]
INFO: [ view_end ] --END-- [ RunTime:0.000918s ]

[ 2013-12-10T18:58:10+08:00 ] 127.0.0.1 /index.php?g=User&m=Classify&a=index
INFO: [ app_begin ] --START--
INFO: Run ReadHtmlCache Behavior [ RunTime:0.000719s ]
INFO: [ app_begin ] --END-- [ RunTime:0.000870s ]
NOTIC: [2048] Declaration of ClassifyAction::insert() should be compatible with that of BaseAction::insert() E:\wamp\www\github\uploads\uploads\AI9ME\Lib\Action\User\ClassifyAction.class.php 第 5 行.
NOTIC: [8] Undefined index: 1 E:\wamp\www\github\uploads\uploads\AI9ME\_Core\Lib\Core\Action.class.php 第 57 行.
SQL: SHOW COLUMNS FROM `ai9me_user_group` [ RunTime:0.004806s ]
SQL: SELECT * FROM `ai9me_user_group` WHERE ( `id` = 4 ) LIMIT 1   [ RunTime:0.000337s ]
SQL: SHOW COLUMNS FROM `ai9me_users` [ RunTime:0.004871s ]
SQL: SELECT * FROM `ai9me_users` WHERE ( `id` = 1 ) LIMIT 1   [ RunTime:0.000386s ]
SQL: SHOW COLUMNS FROM `ai9me_wxuser` [ RunTime:0.004201s ]
SQL: SELECT `wxname`,`wxid`,`headerpic` FROM `ai9me_wxuser` WHERE ( `token` = 'lpkymz1386673010' ) AND ( `uid` = 1 ) LIMIT 1   [ RunTime:0.000334s ]
SQL: SHOW COLUMNS FROM `ai9me_classify` [ RunTime:0.003302s ]
SQL: SELECT COUNT(*) AS tp_count FROM `ai9me_classify` WHERE ( `token` = 'lpkymz1386673010' ) LIMIT 1   [ RunTime:0.000292s ]
SQL: SELECT * FROM `ai9me_classify` WHERE ( `token` = 'lpkymz1386673010' ) ORDER BY sorts desc LIMIT 0,25   [ RunTime:0.000436s ]
NOTIC: [8] Undefined index: 1 E:\wamp\www\github\uploads\uploads\AI9ME\_Core\Lib\Core\View.class.php 第 70 行.
INFO: [ view_template ] --START--
INFO: Run LocationTemplate Behavior [ RunTime:-0.048168s ]
INFO: [ view_template ] --END-- [ RunTime:0.001316s ]
INFO: [ view_parse ] --START--
NOTIC: [8] Undefined index: weixin E:\wamp\www\github\uploads\uploads\AI9MEdata\logs\Cache\User\b779c9d5ca3a972c9e0f14564ebc5d7c.php 第 85 行.
NOTIC: [8] Undefined index: viptime E:\wamp\www\github\uploads\uploads\AI9MEdata\logs\Cache\User\b779c9d5ca3a972c9e0f14564ebc5d7c.php 第 90 行.
INFO: Run ParseTemplate Behavior [ RunTime:-0.049606s ]
INFO: [ view_parse ] --END-- [ RunTime:0.060274s ]
INFO: [ view_filter ] --START--
INFO: Run ContentReplace Behavior [ RunTime:-0.109983s ]
INFO: Run TokenBuild Behavior [ RunTime:-0.111059s ]
INFO: Run WriteHtmlCache Behavior [ RunTime:-0.111944s ]
INFO: Run ShowRuntime Behavior [ RunTime:-0.112522s ]
INFO: [ view_filter ] --END-- [ RunTime:0.003433s ]
INFO: [ view_end ] --START--
INFO: Run ShowPageTrace Behavior [ RunTime:-0.113568s ]
INFO: [ view_end ] --END-- [ RunTime:0.001088s ]

